<?xml version="1.0" encoding="UTF-8"?>
<testsuite name="com.aor.numbers.ListDeduplicatorTest" tests="2" skipped="0" failures="0" errors="0" timestamp="2021-03-10T11:11:06" hostname="Ryzen-Master" time="0.016">
  <properties/>
  <testcase name="bug_8726()" classname="com.aor.numbers.ListDeduplicatorTest" time="0.014"/>
  <testcase name="deduplicate()" classname="com.aor.numbers.ListDeduplicatorTest" time="0.001"/>
  <system-out><![CDATA[]]></system-out>
  <system-err><![CDATA[]]></system-err>
</testsuite>
