<?xml version="1.0" encoding="UTF-8"?>
<testsuite name="com.aor.numbers.ListFiltererTest" tests="1" skipped="0" failures="0" errors="0" timestamp="2021-03-10T12:50:35" hostname="Ryzen-Master" time="0.022">
  <properties/>
  <testcase name="filterPositiveMock()" classname="com.aor.numbers.ListFiltererTest" time="0.022"/>
  <system-out><![CDATA[]]></system-out>
  <system-err><![CDATA[]]></system-err>
</testsuite>
